<?xml version="1.0" encoding="UTF-8"?>
<!-- Generated by org.testng.reporters.JUnitReportReporter -->
<testsuite hostname="LAPTOP-8K3SI3ES" failures="0" tests="1" name="com.big_o_tires.script.Verify_CheckBox" time="9.232" errors="0" timestamp="2022-09-21T20:49:39 IST" skipped="0">
  <testcase classname="com.big_o_tires.script.Verify_CheckBox" name="VerifyCheckbox" time="9.232"/>
  <system-out/>
</testsuite> <!-- com.big_o_tires.script.Verify_CheckBox -->
