<?xml version="1.0" encoding="UTF-8"?>
<!-- Generated by org.testng.reporters.JUnitReportReporter -->
<testsuite hostname="LAPTOP-8K3SI3ES" failures="0" tests="1" name="com.big_o_tires.script.Verify_Version_E" time="14.211" errors="0" timestamp="2022-09-18T20:16:52 IST" skipped="0">
  <testcase classname="com.big_o_tires.script.Verify_Version_E" name="verify_VersionE" time="14.211"/>
  <system-out/>
</testsuite> <!-- com.big_o_tires.script.Verify_Version_E -->
